Success (7):
datatype 2654 {urn:com:appian:types:EAP}EAP_PermitDetails "{urn:com:appian:types:EAP}EAP_PermitDetails"
dataStore 5203 _a-0000e21d-e06a-8000-7d53-01ef9001ef90_48693 "EAP Tables"
group 20 _e-0000e21d-e05a-8000-7d4f-011e94011e94_61 "EAP All Users"
content 5204 _a-0000e21d-e06a-8000-7d53-01ef9001ef90_48676 "Environmental Activity Permits"
content 5209 _a-0000e21d-e06a-8000-7d53-01ef9001ef90_48681 "EAP_getUsername"
content 5366 _a-0000e21d-e06a-8000-7d53-01ef9001ef90_55778 "EAP_USERS_GROUP"
application 5207 _a-0000e21d-e06a-8000-7d53-01ef9001ef90_48669 "Environmental Activity Permits"

Referenced precedents that were not exported (1):
user shwetad shwetad

Trace:
2019-04-02 08:54:48.034 DEBUG application 5207 _a-0000e21d-e06a-8000-7d53-01ef9001ef90_48669 Begin transport.
2019-04-02 08:54:48.034 DEBUG application 5207 _a-0000e21d-e06a-8000-7d53-01ef9001ef90_48669 Retrieving object data.
2019-04-02 08:54:48.038 DEBUG application 5207 _a-0000e21d-e06a-8000-7d53-01ef9001ef90_48669 App associated objects: [datatype=[{urn:com:appian:types:EAP}EAP_PermitDetails],dataStore=[_a-0000e21d-e06a-8000-7d53-01ef9001ef90_48693],group=[_e-0000e21d-e05a-8000-7d4f-011e94011e94_61],content=[_a-0000e21d-e06a-8000-7d53-01ef9001ef90_48676, _a-0000e21d-e06a-8000-7d53-01ef9001ef90_48681, _a-0000e21d-e06a-8000-7d53-01ef9001ef90_55778]]
2019-04-02 08:54:48.043 DEBUG application 5207 _a-0000e21d-e06a-8000-7d53-01ef9001ef90_48669 Invalid associated objects: []
2019-04-02 08:54:48.043 DEBUG application 5207 _a-0000e21d-e06a-8000-7d53-01ef9001ef90_48669 Adding valid associated objects to be exported: GlobalBindingMap[datatype={{urn:com:appian:types:EAP}EAP_PermitDetails=2654},dataStore={_a-0000e21d-e06a-8000-7d53-01ef9001ef90_48693=5203},group={_e-0000e21d-e05a-8000-7d4f-011e94011e94_61=20},content={_a-0000e21d-e06a-8000-7d53-01ef9001ef90_48676=5204, _a-0000e21d-e06a-8000-7d53-01ef9001ef90_48681=5209, _a-0000e21d-e06a-8000-7d53-01ef9001ef90_55778=5366}]
2019-04-02 08:54:48.043 DEBUG application 5207 _a-0000e21d-e06a-8000-7d53-01ef9001ef90_48669 Setting uuids of object references.
2019-04-02 08:54:48.043 DEBUG application 5207 _a-0000e21d-e06a-8000-7d53-01ef9001ef90_48669 Processing reference: Application.forum
2019-04-02 08:54:48.043 DEBUG application 5207 _a-0000e21d-e06a-8000-7d53-01ef9001ef90_48669 Processing reference: Application.parent
2019-04-02 08:54:48.046 DEBUG application 5207 _a-0000e21d-e06a-8000-7d53-01ef9001ef90_48669 Processing reference: com.appiancorp.suiteapi.content.ContentRoleMap@77c6aae7[
  ContentRole[name=readers,inherit=false,allowForAll=false]
  ContentRole[name=authors,inherit=false,allowForAll=false]
  ContentRole[name=administrators,usernames=[shwetad],groupIds=[20],inherit=false,allowForAll=false]
  ContentRole[name=denyReaders,inherit=false,allowForAll=false]
  ContentRole[name=denyAuthors,inherit=false,allowForAll=false]
  ContentRole[name=denyAdministrators,inherit=false,allowForAll=false]
  securityVector=129:SEC_PUBLIC=true,SEC_CREATOR_ADMIN=true,SEC_INH_ADMIN=false,SEC_INH_EDITOR=false,SEC_INH_VIEWER=false,SEC_ALL_ADMIN=false,SEC_ALL_EDITOR=false,SEC_ALL_VIEWER=false
]
2019-04-02 08:54:48.046 DEBUG application 5207 _a-0000e21d-e06a-8000-7d53-01ef9001ef90_48669 Processing reference: ContentRole[name=readers,inherit=false,allowForAll=false]
2019-04-02 08:54:48.046 DEBUG application 5207 _a-0000e21d-e06a-8000-7d53-01ef9001ef90_48669 Processing reference: ContentRole[name=authors,inherit=false,allowForAll=false]
2019-04-02 08:54:48.046 DEBUG application 5207 _a-0000e21d-e06a-8000-7d53-01ef9001ef90_48669 Processing reference: ContentRole[name=administrators,usernames=[shwetad],groupIds=[20],inherit=false,allowForAll=false]
2019-04-02 08:54:48.049 DEBUG group 20 _e-0000e21d-e05a-8000-7d4f-011e94011e94_61 Begin transport.
2019-04-02 08:54:48.049 DEBUG group 20 _e-0000e21d-e05a-8000-7d4f-011e94011e94_61 Retrieving object data.
2019-04-02 08:54:48.055 DEBUG group 20 _e-0000e21d-e05a-8000-7d4f-011e94011e94_61 Setting uuids of object references.
2019-04-02 08:54:48.055 DEBUG group 20 _e-0000e21d-e05a-8000-7d4f-011e94011e94_61 Processing reference: Role[name=<null>]
2019-04-02 08:54:48.056 DEBUG group 20 _e-0000e21d-e05a-8000-7d4f-011e94011e94_61 Processing reference: Group.groupTypeId
2019-04-02 08:54:48.058 DEBUG group 20 _e-0000e21d-e05a-8000-7d4f-011e94011e94_61 Processing reference: Group.parentId
2019-04-02 08:54:48.059 DEBUG group 20 _e-0000e21d-e05a-8000-7d4f-011e94011e94_61 Processing reference: Group.homePageId
2019-04-02 08:54:48.059 DEBUG group 20 _e-0000e21d-e05a-8000-7d4f-011e94011e94_61 Processing reference: Role[name=<null>]
2019-04-02 08:54:48.06 DEBUG group 20 _e-0000e21d-e05a-8000-7d4f-011e94011e94_61 Completing produce.
2019-04-02 08:54:48.061 DEBUG group 20 _e-0000e21d-e05a-8000-7d4f-011e94011e94_61 Exporting binary resources.
2019-04-02 08:54:48.061 DEBUG group 20 _e-0000e21d-e05a-8000-7d4f-011e94011e94_61 Serializing object to XML.
2019-04-02 08:54:48.061 DEBUG group 20 _e-0000e21d-e05a-8000-7d4f-011e94011e94_61 Object transported.
2019-04-02 08:54:48.061 DEBUG application 5207 _a-0000e21d-e06a-8000-7d53-01ef9001ef90_48669 Processing reference: ContentRole[name=denyReaders,inherit=false,allowForAll=false]
2019-04-02 08:54:48.061 DEBUG application 5207 _a-0000e21d-e06a-8000-7d53-01ef9001ef90_48669 Processing reference: ContentRole[name=denyAuthors,inherit=false,allowForAll=false]
2019-04-02 08:54:48.061 DEBUG application 5207 _a-0000e21d-e06a-8000-7d53-01ef9001ef90_48669 Processing reference: ContentRole[name=denyAdministrators,inherit=false,allowForAll=false]
2019-04-02 08:54:48.062 DEBUG datatype 2654 {urn:com:appian:types:EAP}EAP_PermitDetails Begin transport.
2019-04-02 08:54:48.062 DEBUG datatype 2654 {urn:com:appian:types:EAP}EAP_PermitDetails Retrieving object data.
2019-04-02 08:54:48.112 DEBUG datatype 2654 {urn:com:appian:types:EAP}EAP_PermitDetails Setting uuids of object references.
2019-04-02 08:54:48.125 DEBUG datatype 2654 {urn:com:appian:types:EAP}EAP_PermitDetails Completing produce.
2019-04-02 08:54:48.125 DEBUG datatype 2654 {urn:com:appian:types:EAP}EAP_PermitDetails Exporting binary resources.
2019-04-02 08:54:48.125 DEBUG datatype 2654 {urn:com:appian:types:EAP}EAP_PermitDetails Serializing object to XML.
2019-04-02 08:54:48.125 DEBUG datatype 2654 {urn:com:appian:types:EAP}EAP_PermitDetails Object transported.
2019-04-02 08:54:48.128 DEBUG dataStore 5203 _a-0000e21d-e06a-8000-7d53-01ef9001ef90_48693 Begin transport.
2019-04-02 08:54:48.128 DEBUG dataStore 5203 _a-0000e21d-e06a-8000-7d53-01ef9001ef90_48693 Retrieving object data.
2019-04-02 08:54:48.132 DEBUG dataStore 5203 _a-0000e21d-e06a-8000-7d53-01ef9001ef90_48693 Setting uuids of object references.
2019-04-02 08:54:48.135 DEBUG dataStore 5203 _a-0000e21d-e06a-8000-7d53-01ef9001ef90_48693 Processing reference: datatypeRef[id=2654]
2019-04-02 08:54:48.136 DEBUG dataStore 5203 _a-0000e21d-e06a-8000-7d53-01ef9001ef90_48693 Processing reference: ContentRole[name=administrators,groupIds=[20],inherit=false,allowForAll=false]
2019-04-02 08:54:48.138 DEBUG dataStore 5203 _a-0000e21d-e06a-8000-7d53-01ef9001ef90_48693 Processing reference: ContentRole[name=authors,inherit=false,allowForAll=false]
2019-04-02 08:54:48.138 DEBUG dataStore 5203 _a-0000e21d-e06a-8000-7d53-01ef9001ef90_48693 Processing reference: ContentRole[name=denyAdministrators,inherit=false,allowForAll=false]
2019-04-02 08:54:48.138 DEBUG dataStore 5203 _a-0000e21d-e06a-8000-7d53-01ef9001ef90_48693 Processing reference: ContentRole[name=denyAuthors,inherit=false,allowForAll=false]
2019-04-02 08:54:48.138 DEBUG dataStore 5203 _a-0000e21d-e06a-8000-7d53-01ef9001ef90_48693 Processing reference: ContentRole[name=denyReaders,inherit=false,allowForAll=false]
2019-04-02 08:54:48.138 DEBUG dataStore 5203 _a-0000e21d-e06a-8000-7d53-01ef9001ef90_48693 Processing reference: ContentRole[name=readers,inherit=false,allowForAll=false]
2019-04-02 08:54:48.138 DEBUG dataStore 5203 _a-0000e21d-e06a-8000-7d53-01ef9001ef90_48693 Completing produce.
2019-04-02 08:54:48.138 DEBUG dataStore 5203 _a-0000e21d-e06a-8000-7d53-01ef9001ef90_48693 Exporting binary resources.
2019-04-02 08:54:48.138 DEBUG dataStore 5203 _a-0000e21d-e06a-8000-7d53-01ef9001ef90_48693 Serializing object to XML.
2019-04-02 08:54:48.139 DEBUG dataStore 5203 _a-0000e21d-e06a-8000-7d53-01ef9001ef90_48693 Object transported.
2019-04-02 08:54:48.143 DEBUG content 5204 _a-0000e21d-e06a-8000-7d53-01ef9001ef90_48676 Begin transport.
2019-04-02 08:54:48.143 DEBUG content 5204 _a-0000e21d-e06a-8000-7d53-01ef9001ef90_48676 Retrieving object data.
2019-04-02 08:54:48.151 DEBUG content 5204 _a-0000e21d-e06a-8000-7d53-01ef9001ef90_48676 Setting uuids of object references.
2019-04-02 08:54:48.151 DEBUG content 5204 _a-0000e21d-e06a-8000-7d53-01ef9001ef90_48676 Processing reference: RulesFolder.forum
2019-04-02 08:54:48.152 DEBUG content 5204 _a-0000e21d-e06a-8000-7d53-01ef9001ef90_48676 Processing reference: RulesFolder.parent
2019-04-02 08:54:48.155 DEBUG content 5204 _a-0000e21d-e06a-8000-7d53-01ef9001ef90_48676 Processing reference: com.appiancorp.suiteapi.content.ContentRoleMap@1f81bae1[
  ContentRole[name=readers,inherit=false,allowForAll=false]
  ContentRole[name=authors,inherit=false,allowForAll=false]
  ContentRole[name=administrators,groupIds=[20],inherit=false,allowForAll=false]
  ContentRole[name=denyReaders,inherit=false,allowForAll=false]
  ContentRole[name=denyAuthors,inherit=false,allowForAll=false]
  ContentRole[name=denyAdministrators,inherit=false,allowForAll=false]
  securityVector=1:SEC_PUBLIC=true,SEC_CREATOR_ADMIN=false,SEC_INH_ADMIN=false,SEC_INH_EDITOR=false,SEC_INH_VIEWER=false,SEC_ALL_ADMIN=false,SEC_ALL_EDITOR=false,SEC_ALL_VIEWER=false
]
2019-04-02 08:54:48.156 DEBUG content 5204 _a-0000e21d-e06a-8000-7d53-01ef9001ef90_48676 Processing reference: ContentRole[name=readers,inherit=false,allowForAll=false]
2019-04-02 08:54:48.156 DEBUG content 5204 _a-0000e21d-e06a-8000-7d53-01ef9001ef90_48676 Processing reference: ContentRole[name=authors,inherit=false,allowForAll=false]
2019-04-02 08:54:48.156 DEBUG content 5204 _a-0000e21d-e06a-8000-7d53-01ef9001ef90_48676 Processing reference: ContentRole[name=administrators,groupIds=[20],inherit=false,allowForAll=false]
2019-04-02 08:54:48.157 DEBUG content 5204 _a-0000e21d-e06a-8000-7d53-01ef9001ef90_48676 Processing reference: ContentRole[name=denyReaders,inherit=false,allowForAll=false]
2019-04-02 08:54:48.158 DEBUG content 5204 _a-0000e21d-e06a-8000-7d53-01ef9001ef90_48676 Processing reference: ContentRole[name=denyAuthors,inherit=false,allowForAll=false]
2019-04-02 08:54:48.158 DEBUG content 5204 _a-0000e21d-e06a-8000-7d53-01ef9001ef90_48676 Processing reference: ContentRole[name=denyAdministrators,inherit=false,allowForAll=false]
2019-04-02 08:54:48.158 DEBUG content 5204 _a-0000e21d-e06a-8000-7d53-01ef9001ef90_48676 Completing produce.
2019-04-02 08:54:48.158 DEBUG content 5204 _a-0000e21d-e06a-8000-7d53-01ef9001ef90_48676 Exporting binary resources.
2019-04-02 08:54:48.158 DEBUG content 5204 _a-0000e21d-e06a-8000-7d53-01ef9001ef90_48676 Serializing object to XML.
2019-04-02 08:54:48.159 DEBUG content 5204 _a-0000e21d-e06a-8000-7d53-01ef9001ef90_48676 Object transported.
2019-04-02 08:54:48.159 DEBUG content 5209 _a-0000e21d-e06a-8000-7d53-01ef9001ef90_48681 Begin transport.
2019-04-02 08:54:48.159 DEBUG content 5209 _a-0000e21d-e06a-8000-7d53-01ef9001ef90_48681 Retrieving object data.
2019-04-02 08:54:48.169 DEBUG content 5209 _a-0000e21d-e06a-8000-7d53-01ef9001ef90_48681 Setting uuids of object references.
2019-04-02 08:54:48.169 DEBUG content 5209 _a-0000e21d-e06a-8000-7d53-01ef9001ef90_48681 Processing reference: [Content:id=5205,versionId=-1,name=EAP_getUsername,type=32,subtype=1,uuid=_a-0000e21d-e06a-8000-7d53-01ef9001ef90_48681,parent=5204]
2019-04-02 08:54:48.169 DEBUG content 5209 _a-0000e21d-e06a-8000-7d53-01ef9001ef90_48681 Processing reference: FreeformRule.forum
2019-04-02 08:54:48.17 DEBUG content 5209 _a-0000e21d-e06a-8000-7d53-01ef9001ef90_48681 Processing reference: FreeformRule.parent
2019-04-02 08:54:48.173 DEBUG content 5209 _a-0000e21d-e06a-8000-7d53-01ef9001ef90_48681 Processing reference: com.appiancorp.suiteapi.content.ContentRoleMap@744ddc71[
  ContentRole[name=readers,inherit=true,allowForAll=false]
  ContentRole[name=authors,inherit=true,allowForAll=false]
  ContentRole[name=administrators,inherit=true,allowForAll=false]
  ContentRole[name=denyReaders,inherit=false,allowForAll=false]
  ContentRole[name=denyAuthors,inherit=false,allowForAll=false]
  ContentRole[name=denyAdministrators,inherit=false,allowForAll=false]
  securityVector=15:SEC_PUBLIC=true,SEC_CREATOR_ADMIN=false,SEC_INH_ADMIN=true,SEC_INH_EDITOR=true,SEC_INH_VIEWER=true,SEC_ALL_ADMIN=false,SEC_ALL_EDITOR=false,SEC_ALL_VIEWER=false
]
2019-04-02 08:54:48.173 DEBUG content 5209 _a-0000e21d-e06a-8000-7d53-01ef9001ef90_48681 Processing reference: ContentRole[name=readers,inherit=true,allowForAll=false]
2019-04-02 08:54:48.173 DEBUG content 5209 _a-0000e21d-e06a-8000-7d53-01ef9001ef90_48681 Processing reference: ContentRole[name=authors,inherit=true,allowForAll=false]
2019-04-02 08:54:48.173 DEBUG content 5209 _a-0000e21d-e06a-8000-7d53-01ef9001ef90_48681 Processing reference: ContentRole[name=administrators,inherit=true,allowForAll=false]
2019-04-02 08:54:48.173 DEBUG content 5209 _a-0000e21d-e06a-8000-7d53-01ef9001ef90_48681 Processing reference: ContentRole[name=denyReaders,inherit=false,allowForAll=false]
2019-04-02 08:54:48.173 DEBUG content 5209 _a-0000e21d-e06a-8000-7d53-01ef9001ef90_48681 Processing reference: ContentRole[name=denyAuthors,inherit=false,allowForAll=false]
2019-04-02 08:54:48.173 DEBUG content 5209 _a-0000e21d-e06a-8000-7d53-01ef9001ef90_48681 Processing reference: ContentRole[name=denyAdministrators,inherit=false,allowForAll=false]
2019-04-02 08:54:48.173 DEBUG content 5209 _a-0000e21d-e06a-8000-7d53-01ef9001ef90_48681 Completing produce.
2019-04-02 08:54:48.173 DEBUG content 5209 _a-0000e21d-e06a-8000-7d53-01ef9001ef90_48681 Exporting binary resources.
2019-04-02 08:54:48.173 DEBUG content 5209 _a-0000e21d-e06a-8000-7d53-01ef9001ef90_48681 Serializing object to XML.
2019-04-02 08:54:48.174 DEBUG content 5209 _a-0000e21d-e06a-8000-7d53-01ef9001ef90_48681 Object transported.
2019-04-02 08:54:48.174 DEBUG content 5366 _a-0000e21d-e06a-8000-7d53-01ef9001ef90_55778 Begin transport.
2019-04-02 08:54:48.174 DEBUG content 5366 _a-0000e21d-e06a-8000-7d53-01ef9001ef90_55778 Retrieving object data.
2019-04-02 08:54:48.186 DEBUG content 5366 _a-0000e21d-e06a-8000-7d53-01ef9001ef90_55778 Setting uuids of object references.
2019-04-02 08:54:48.186 DEBUG content 5366 _a-0000e21d-e06a-8000-7d53-01ef9001ef90_55778 Processing reference: [Content:id=5206,versionId=-1,name=EAP_USERS_GROUP,type=32,subtype=0,uuid=_a-0000e21d-e06a-8000-7d53-01ef9001ef90_55778,parent=5204]
2019-04-02 08:54:48.187 DEBUG content 5366 _a-0000e21d-e06a-8000-7d53-01ef9001ef90_55778 Processing reference: Constant.forum
2019-04-02 08:54:48.187 DEBUG content 5366 _a-0000e21d-e06a-8000-7d53-01ef9001ef90_55778 Processing reference: Constant.parent
2019-04-02 08:54:48.19 DEBUG content 5366 _a-0000e21d-e06a-8000-7d53-01ef9001ef90_55778 Processing reference: com.appiancorp.suiteapi.content.ContentRoleMap@48a5d96d[
  ContentRole[name=readers,inherit=true,allowForAll=false]
  ContentRole[name=authors,inherit=true,allowForAll=false]
  ContentRole[name=administrators,inherit=true,allowForAll=false]
  ContentRole[name=denyReaders,inherit=false,allowForAll=false]
  ContentRole[name=denyAuthors,inherit=false,allowForAll=false]
  ContentRole[name=denyAdministrators,inherit=false,allowForAll=false]
  securityVector=15:SEC_PUBLIC=true,SEC_CREATOR_ADMIN=false,SEC_INH_ADMIN=true,SEC_INH_EDITOR=true,SEC_INH_VIEWER=true,SEC_ALL_ADMIN=false,SEC_ALL_EDITOR=false,SEC_ALL_VIEWER=false
]
2019-04-02 08:54:48.19 DEBUG content 5366 _a-0000e21d-e06a-8000-7d53-01ef9001ef90_55778 Processing reference: ContentRole[name=readers,inherit=true,allowForAll=false]
2019-04-02 08:54:48.19 DEBUG content 5366 _a-0000e21d-e06a-8000-7d53-01ef9001ef90_55778 Processing reference: ContentRole[name=authors,inherit=true,allowForAll=false]
2019-04-02 08:54:48.19 DEBUG content 5366 _a-0000e21d-e06a-8000-7d53-01ef9001ef90_55778 Processing reference: ContentRole[name=administrators,inherit=true,allowForAll=false]
2019-04-02 08:54:48.19 DEBUG content 5366 _a-0000e21d-e06a-8000-7d53-01ef9001ef90_55778 Processing reference: ContentRole[name=denyReaders,inherit=false,allowForAll=false]
2019-04-02 08:54:48.19 DEBUG content 5366 _a-0000e21d-e06a-8000-7d53-01ef9001ef90_55778 Processing reference: ContentRole[name=denyAuthors,inherit=false,allowForAll=false]
2019-04-02 08:54:48.19 DEBUG content 5366 _a-0000e21d-e06a-8000-7d53-01ef9001ef90_55778 Processing reference: ContentRole[name=denyAdministrators,inherit=false,allowForAll=false]
2019-04-02 08:54:48.219 DEBUG content 5366 _a-0000e21d-e06a-8000-7d53-01ef9001ef90_55778 Registering export properties.
2019-04-02 08:54:48.221 DEBUG content 5366 _a-0000e21d-e06a-8000-7d53-01ef9001ef90_55778 Completing produce.
2019-04-02 08:54:48.221 DEBUG content 5366 _a-0000e21d-e06a-8000-7d53-01ef9001ef90_55778 Exporting binary resources.
2019-04-02 08:54:48.221 DEBUG content 5366 _a-0000e21d-e06a-8000-7d53-01ef9001ef90_55778 Serializing object to XML.
2019-04-02 08:54:48.225 DEBUG content 5366 _a-0000e21d-e06a-8000-7d53-01ef9001ef90_55778 Object transported.
2019-04-02 08:54:48.225 DEBUG application 5207 _a-0000e21d-e06a-8000-7d53-01ef9001ef90_48669 Completing produce.
2019-04-02 08:54:48.225 DEBUG application 5207 _a-0000e21d-e06a-8000-7d53-01ef9001ef90_48669 Exporting binary resources.
2019-04-02 08:54:48.225 DEBUG application 5207 _a-0000e21d-e06a-8000-7d53-01ef9001ef90_48669 Serializing object to XML.
2019-04-02 08:54:48.227 DEBUG application 5207 _a-0000e21d-e06a-8000-7d53-01ef9001ef90_48669 Object transported.
