Success (7):
datatype 3100 {urn:com:appian:types:EAP}EAP_PermitDetails "{urn:com:appian:types:EAP}EAP_PermitDetails"
dataStore 7985 _a-0000e21d-e06a-8000-7d53-01ef9001ef90_48693 "EAP Tables"
group 18 _e-0000e21d-e05a-8000-7d4f-011e94011e94_61 "EAP All Users"
content 7982 _a-0000e21d-e06a-8000-7d53-01ef9001ef90_48676 "Environmental Activity Permits"
content 7984 _a-0000e21d-e06a-8000-7d53-01ef9001ef90_48681 "EAP_getUsername"
content 8507 _a-0000e21d-e06a-8000-7d53-01ef9001ef90_55778 "EAP_USERS_GROUP"
application 7981 _a-0000e21d-e06a-8000-7d53-01ef9001ef90_48669 "Environmental Activity Permits"

Trace:
2019-03-07 18:05:49.406 DEBUG application 7981 _a-0000e21d-e06a-8000-7d53-01ef9001ef90_48669 Begin transport.
2019-03-07 18:05:49.406 DEBUG application 7981 _a-0000e21d-e06a-8000-7d53-01ef9001ef90_48669 Retrieving object data.
2019-03-07 18:05:49.414 DEBUG application 7981 _a-0000e21d-e06a-8000-7d53-01ef9001ef90_48669 App associated objects: [datatype=[{urn:com:appian:types:EAP}EAP_PermitDetails],dataStore=[_a-0000e21d-e06a-8000-7d53-01ef9001ef90_48693],group=[_e-0000e21d-e05a-8000-7d4f-011e94011e94_61],content=[_a-0000e21d-e06a-8000-7d53-01ef9001ef90_48676, _a-0000e21d-e06a-8000-7d53-01ef9001ef90_48681, _a-0000e21d-e06a-8000-7d53-01ef9001ef90_55778]]
2019-03-07 18:05:49.419 DEBUG application 7981 _a-0000e21d-e06a-8000-7d53-01ef9001ef90_48669 Invalid associated objects: []
2019-03-07 18:05:49.419 DEBUG application 7981 _a-0000e21d-e06a-8000-7d53-01ef9001ef90_48669 Adding valid associated objects to be exported: GlobalBindingMap[datatype={{urn:com:appian:types:EAP}EAP_PermitDetails=3100},dataStore={_a-0000e21d-e06a-8000-7d53-01ef9001ef90_48693=7985},group={_e-0000e21d-e05a-8000-7d4f-011e94011e94_61=18},content={_a-0000e21d-e06a-8000-7d53-01ef9001ef90_48676=7982, _a-0000e21d-e06a-8000-7d53-01ef9001ef90_48681=7984, _a-0000e21d-e06a-8000-7d53-01ef9001ef90_55778=8507}]
2019-03-07 18:05:49.419 DEBUG application 7981 _a-0000e21d-e06a-8000-7d53-01ef9001ef90_48669 Setting uuids of object references.
2019-03-07 18:05:49.419 DEBUG application 7981 _a-0000e21d-e06a-8000-7d53-01ef9001ef90_48669 Processing reference: Application.forum
2019-03-07 18:05:49.42 DEBUG application 7981 _a-0000e21d-e06a-8000-7d53-01ef9001ef90_48669 Processing reference: Application.parent
2019-03-07 18:05:49.438 DEBUG application 7981 _a-0000e21d-e06a-8000-7d53-01ef9001ef90_48669 Processing reference: com.appiancorp.suiteapi.content.ContentRoleMap@2f6c6f38[
  ContentRole[name=readers,inherit=false,allowForAll=false]
  ContentRole[name=authors,inherit=false,allowForAll=false]
  ContentRole[name=administrators,groupIds=[18],inherit=false,allowForAll=false]
  ContentRole[name=denyReaders,inherit=false,allowForAll=false]
  ContentRole[name=denyAuthors,inherit=false,allowForAll=false]
  ContentRole[name=denyAdministrators,inherit=false,allowForAll=false]
  securityVector=1:SEC_PUBLIC=true,SEC_CREATOR_ADMIN=false,SEC_INH_ADMIN=false,SEC_INH_EDITOR=false,SEC_INH_VIEWER=false,SEC_ALL_ADMIN=false,SEC_ALL_EDITOR=false,SEC_ALL_VIEWER=false
]
2019-03-07 18:05:49.438 DEBUG application 7981 _a-0000e21d-e06a-8000-7d53-01ef9001ef90_48669 Processing reference: ContentRole[name=readers,inherit=false,allowForAll=false]
2019-03-07 18:05:49.438 DEBUG application 7981 _a-0000e21d-e06a-8000-7d53-01ef9001ef90_48669 Processing reference: ContentRole[name=authors,inherit=false,allowForAll=false]
2019-03-07 18:05:49.438 DEBUG application 7981 _a-0000e21d-e06a-8000-7d53-01ef9001ef90_48669 Processing reference: ContentRole[name=administrators,groupIds=[18],inherit=false,allowForAll=false]
2019-03-07 18:05:49.439 DEBUG group 18 _e-0000e21d-e05a-8000-7d4f-011e94011e94_61 Begin transport.
2019-03-07 18:05:49.439 DEBUG group 18 _e-0000e21d-e05a-8000-7d4f-011e94011e94_61 Retrieving object data.
2019-03-07 18:05:49.449 DEBUG group 18 _e-0000e21d-e05a-8000-7d4f-011e94011e94_61 Setting uuids of object references.
2019-03-07 18:05:49.449 DEBUG group 18 _e-0000e21d-e05a-8000-7d4f-011e94011e94_61 Processing reference: Role[name=<null>]
2019-03-07 18:05:49.449 DEBUG group 18 _e-0000e21d-e05a-8000-7d4f-011e94011e94_61 Processing reference: Group.groupTypeId
2019-03-07 18:05:49.451 DEBUG group 18 _e-0000e21d-e05a-8000-7d4f-011e94011e94_61 Processing reference: Group.parentId
2019-03-07 18:05:49.451 DEBUG group 18 _e-0000e21d-e05a-8000-7d4f-011e94011e94_61 Processing reference: Group.homePageId
2019-03-07 18:05:49.451 DEBUG group 18 _e-0000e21d-e05a-8000-7d4f-011e94011e94_61 Processing reference: Role[name=<null>]
2019-03-07 18:05:49.451 DEBUG group 18 _e-0000e21d-e05a-8000-7d4f-011e94011e94_61 Completing produce.
2019-03-07 18:05:49.451 DEBUG group 18 _e-0000e21d-e05a-8000-7d4f-011e94011e94_61 Exporting binary resources.
2019-03-07 18:05:49.451 DEBUG group 18 _e-0000e21d-e05a-8000-7d4f-011e94011e94_61 Serializing object to XML.
2019-03-07 18:05:49.451 DEBUG group 18 _e-0000e21d-e05a-8000-7d4f-011e94011e94_61 Object transported.
2019-03-07 18:05:49.451 DEBUG application 7981 _a-0000e21d-e06a-8000-7d53-01ef9001ef90_48669 Processing reference: ContentRole[name=denyReaders,inherit=false,allowForAll=false]
2019-03-07 18:05:49.451 DEBUG application 7981 _a-0000e21d-e06a-8000-7d53-01ef9001ef90_48669 Processing reference: ContentRole[name=denyAuthors,inherit=false,allowForAll=false]
2019-03-07 18:05:49.451 DEBUG application 7981 _a-0000e21d-e06a-8000-7d53-01ef9001ef90_48669 Processing reference: ContentRole[name=denyAdministrators,inherit=false,allowForAll=false]
2019-03-07 18:05:49.452 DEBUG datatype 3100 {urn:com:appian:types:EAP}EAP_PermitDetails Begin transport.
2019-03-07 18:05:49.452 DEBUG datatype 3100 {urn:com:appian:types:EAP}EAP_PermitDetails Retrieving object data.
2019-03-07 18:05:49.499 DEBUG datatype 3100 {urn:com:appian:types:EAP}EAP_PermitDetails Setting uuids of object references.
2019-03-07 18:05:49.537 DEBUG datatype 3100 {urn:com:appian:types:EAP}EAP_PermitDetails Completing produce.
2019-03-07 18:05:49.537 DEBUG datatype 3100 {urn:com:appian:types:EAP}EAP_PermitDetails Exporting binary resources.
2019-03-07 18:05:49.537 DEBUG datatype 3100 {urn:com:appian:types:EAP}EAP_PermitDetails Serializing object to XML.
2019-03-07 18:05:49.537 DEBUG datatype 3100 {urn:com:appian:types:EAP}EAP_PermitDetails Object transported.
2019-03-07 18:05:49.54 DEBUG dataStore 7985 _a-0000e21d-e06a-8000-7d53-01ef9001ef90_48693 Begin transport.
2019-03-07 18:05:49.54 DEBUG dataStore 7985 _a-0000e21d-e06a-8000-7d53-01ef9001ef90_48693 Retrieving object data.
2019-03-07 18:05:49.545 DEBUG dataStore 7985 _a-0000e21d-e06a-8000-7d53-01ef9001ef90_48693 Setting uuids of object references.
2019-03-07 18:05:49.545 DEBUG dataStore 7985 _a-0000e21d-e06a-8000-7d53-01ef9001ef90_48693 Processing reference: datatypeRef[id=3100]
2019-03-07 18:05:49.545 DEBUG dataStore 7985 _a-0000e21d-e06a-8000-7d53-01ef9001ef90_48693 Processing reference: ContentRole[name=administrators,groupIds=[18],inherit=false,allowForAll=false]
2019-03-07 18:05:49.552 DEBUG dataStore 7985 _a-0000e21d-e06a-8000-7d53-01ef9001ef90_48693 Processing reference: ContentRole[name=authors,inherit=false,allowForAll=false]
2019-03-07 18:05:49.552 DEBUG dataStore 7985 _a-0000e21d-e06a-8000-7d53-01ef9001ef90_48693 Processing reference: ContentRole[name=denyAdministrators,inherit=false,allowForAll=false]
2019-03-07 18:05:49.552 DEBUG dataStore 7985 _a-0000e21d-e06a-8000-7d53-01ef9001ef90_48693 Processing reference: ContentRole[name=denyAuthors,inherit=false,allowForAll=false]
2019-03-07 18:05:49.552 DEBUG dataStore 7985 _a-0000e21d-e06a-8000-7d53-01ef9001ef90_48693 Processing reference: ContentRole[name=denyReaders,inherit=false,allowForAll=false]
2019-03-07 18:05:49.552 DEBUG dataStore 7985 _a-0000e21d-e06a-8000-7d53-01ef9001ef90_48693 Processing reference: ContentRole[name=readers,inherit=false,allowForAll=false]
2019-03-07 18:05:49.552 DEBUG dataStore 7985 _a-0000e21d-e06a-8000-7d53-01ef9001ef90_48693 Completing produce.
2019-03-07 18:05:49.552 DEBUG dataStore 7985 _a-0000e21d-e06a-8000-7d53-01ef9001ef90_48693 Exporting binary resources.
2019-03-07 18:05:49.552 DEBUG dataStore 7985 _a-0000e21d-e06a-8000-7d53-01ef9001ef90_48693 Serializing object to XML.
2019-03-07 18:05:49.552 DEBUG dataStore 7985 _a-0000e21d-e06a-8000-7d53-01ef9001ef90_48693 Object transported.
2019-03-07 18:05:49.556 DEBUG content 7982 _a-0000e21d-e06a-8000-7d53-01ef9001ef90_48676 Begin transport.
2019-03-07 18:05:49.556 DEBUG content 7982 _a-0000e21d-e06a-8000-7d53-01ef9001ef90_48676 Retrieving object data.
2019-03-07 18:05:49.564 DEBUG content 7982 _a-0000e21d-e06a-8000-7d53-01ef9001ef90_48676 Setting uuids of object references.
2019-03-07 18:05:49.564 DEBUG content 7982 _a-0000e21d-e06a-8000-7d53-01ef9001ef90_48676 Processing reference: RulesFolder.forum
2019-03-07 18:05:49.565 DEBUG content 7982 _a-0000e21d-e06a-8000-7d53-01ef9001ef90_48676 Processing reference: RulesFolder.parent
2019-03-07 18:05:49.568 DEBUG content 7982 _a-0000e21d-e06a-8000-7d53-01ef9001ef90_48676 Processing reference: com.appiancorp.suiteapi.content.ContentRoleMap@2df46565[
  ContentRole[name=readers,inherit=false,allowForAll=false]
  ContentRole[name=authors,inherit=false,allowForAll=false]
  ContentRole[name=administrators,groupIds=[18],inherit=false,allowForAll=false]
  ContentRole[name=denyReaders,inherit=false,allowForAll=false]
  ContentRole[name=denyAuthors,inherit=false,allowForAll=false]
  ContentRole[name=denyAdministrators,inherit=false,allowForAll=false]
  securityVector=1:SEC_PUBLIC=true,SEC_CREATOR_ADMIN=false,SEC_INH_ADMIN=false,SEC_INH_EDITOR=false,SEC_INH_VIEWER=false,SEC_ALL_ADMIN=false,SEC_ALL_EDITOR=false,SEC_ALL_VIEWER=false
]
2019-03-07 18:05:49.568 DEBUG content 7982 _a-0000e21d-e06a-8000-7d53-01ef9001ef90_48676 Processing reference: ContentRole[name=readers,inherit=false,allowForAll=false]
2019-03-07 18:05:49.568 DEBUG content 7982 _a-0000e21d-e06a-8000-7d53-01ef9001ef90_48676 Processing reference: ContentRole[name=authors,inherit=false,allowForAll=false]
2019-03-07 18:05:49.568 DEBUG content 7982 _a-0000e21d-e06a-8000-7d53-01ef9001ef90_48676 Processing reference: ContentRole[name=administrators,groupIds=[18],inherit=false,allowForAll=false]
2019-03-07 18:05:49.569 DEBUG content 7982 _a-0000e21d-e06a-8000-7d53-01ef9001ef90_48676 Processing reference: ContentRole[name=denyReaders,inherit=false,allowForAll=false]
2019-03-07 18:05:49.569 DEBUG content 7982 _a-0000e21d-e06a-8000-7d53-01ef9001ef90_48676 Processing reference: ContentRole[name=denyAuthors,inherit=false,allowForAll=false]
2019-03-07 18:05:49.569 DEBUG content 7982 _a-0000e21d-e06a-8000-7d53-01ef9001ef90_48676 Processing reference: ContentRole[name=denyAdministrators,inherit=false,allowForAll=false]
2019-03-07 18:05:49.569 DEBUG content 7982 _a-0000e21d-e06a-8000-7d53-01ef9001ef90_48676 Completing produce.
2019-03-07 18:05:49.569 DEBUG content 7982 _a-0000e21d-e06a-8000-7d53-01ef9001ef90_48676 Exporting binary resources.
2019-03-07 18:05:49.569 DEBUG content 7982 _a-0000e21d-e06a-8000-7d53-01ef9001ef90_48676 Serializing object to XML.
2019-03-07 18:05:49.569 DEBUG content 7982 _a-0000e21d-e06a-8000-7d53-01ef9001ef90_48676 Object transported.
2019-03-07 18:05:49.569 DEBUG content 7984 _a-0000e21d-e06a-8000-7d53-01ef9001ef90_48681 Begin transport.
2019-03-07 18:05:49.57 DEBUG content 7984 _a-0000e21d-e06a-8000-7d53-01ef9001ef90_48681 Retrieving object data.
2019-03-07 18:05:49.578 DEBUG content 7984 _a-0000e21d-e06a-8000-7d53-01ef9001ef90_48681 Setting uuids of object references.
2019-03-07 18:05:49.578 DEBUG content 7984 _a-0000e21d-e06a-8000-7d53-01ef9001ef90_48681 Processing reference: [Content:id=7983,versionId=-1,name=EAP_getUsername,type=32,subtype=1,uuid=_a-0000e21d-e06a-8000-7d53-01ef9001ef90_48681,parent=7982]
2019-03-07 18:05:49.578 DEBUG content 7984 _a-0000e21d-e06a-8000-7d53-01ef9001ef90_48681 Processing reference: FreeformRule.forum
2019-03-07 18:05:49.578 DEBUG content 7984 _a-0000e21d-e06a-8000-7d53-01ef9001ef90_48681 Processing reference: FreeformRule.parent
2019-03-07 18:05:49.582 DEBUG content 7984 _a-0000e21d-e06a-8000-7d53-01ef9001ef90_48681 Processing reference: com.appiancorp.suiteapi.content.ContentRoleMap@50630ac5[
  ContentRole[name=readers,inherit=true,allowForAll=false]
  ContentRole[name=authors,inherit=true,allowForAll=false]
  ContentRole[name=administrators,inherit=true,allowForAll=false]
  ContentRole[name=denyReaders,inherit=false,allowForAll=false]
  ContentRole[name=denyAuthors,inherit=false,allowForAll=false]
  ContentRole[name=denyAdministrators,inherit=false,allowForAll=false]
  securityVector=15:SEC_PUBLIC=true,SEC_CREATOR_ADMIN=false,SEC_INH_ADMIN=true,SEC_INH_EDITOR=true,SEC_INH_VIEWER=true,SEC_ALL_ADMIN=false,SEC_ALL_EDITOR=false,SEC_ALL_VIEWER=false
]
2019-03-07 18:05:49.582 DEBUG content 7984 _a-0000e21d-e06a-8000-7d53-01ef9001ef90_48681 Processing reference: ContentRole[name=readers,inherit=true,allowForAll=false]
2019-03-07 18:05:49.582 DEBUG content 7984 _a-0000e21d-e06a-8000-7d53-01ef9001ef90_48681 Processing reference: ContentRole[name=authors,inherit=true,allowForAll=false]
2019-03-07 18:05:49.582 DEBUG content 7984 _a-0000e21d-e06a-8000-7d53-01ef9001ef90_48681 Processing reference: ContentRole[name=administrators,inherit=true,allowForAll=false]
2019-03-07 18:05:49.582 DEBUG content 7984 _a-0000e21d-e06a-8000-7d53-01ef9001ef90_48681 Processing reference: ContentRole[name=denyReaders,inherit=false,allowForAll=false]
2019-03-07 18:05:49.582 DEBUG content 7984 _a-0000e21d-e06a-8000-7d53-01ef9001ef90_48681 Processing reference: ContentRole[name=denyAuthors,inherit=false,allowForAll=false]
2019-03-07 18:05:49.582 DEBUG content 7984 _a-0000e21d-e06a-8000-7d53-01ef9001ef90_48681 Processing reference: ContentRole[name=denyAdministrators,inherit=false,allowForAll=false]
2019-03-07 18:05:49.582 DEBUG content 7984 _a-0000e21d-e06a-8000-7d53-01ef9001ef90_48681 Completing produce.
2019-03-07 18:05:49.582 DEBUG content 7984 _a-0000e21d-e06a-8000-7d53-01ef9001ef90_48681 Exporting binary resources.
2019-03-07 18:05:49.582 DEBUG content 7984 _a-0000e21d-e06a-8000-7d53-01ef9001ef90_48681 Serializing object to XML.
2019-03-07 18:05:49.583 DEBUG content 7984 _a-0000e21d-e06a-8000-7d53-01ef9001ef90_48681 Object transported.
2019-03-07 18:05:49.583 DEBUG content 8507 _a-0000e21d-e06a-8000-7d53-01ef9001ef90_55778 Begin transport.
2019-03-07 18:05:49.583 DEBUG content 8507 _a-0000e21d-e06a-8000-7d53-01ef9001ef90_55778 Retrieving object data.
2019-03-07 18:05:49.591 DEBUG content 8507 _a-0000e21d-e06a-8000-7d53-01ef9001ef90_55778 Setting uuids of object references.
2019-03-07 18:05:49.591 DEBUG content 8507 _a-0000e21d-e06a-8000-7d53-01ef9001ef90_55778 Processing reference: [Content:id=8507,versionId=-1,name=EAP_USERS_GROUP,type=32,subtype=0,uuid=_a-0000e21d-e06a-8000-7d53-01ef9001ef90_55778,parent=7982]
2019-03-07 18:05:49.592 DEBUG content 8507 _a-0000e21d-e06a-8000-7d53-01ef9001ef90_55778 Processing reference: Constant.forum
2019-03-07 18:05:49.593 DEBUG content 8507 _a-0000e21d-e06a-8000-7d53-01ef9001ef90_55778 Processing reference: Constant.parent
2019-03-07 18:05:49.596 DEBUG content 8507 _a-0000e21d-e06a-8000-7d53-01ef9001ef90_55778 Processing reference: com.appiancorp.suiteapi.content.ContentRoleMap@375a10db[
  ContentRole[name=readers,inherit=true,allowForAll=false]
  ContentRole[name=authors,inherit=true,allowForAll=false]
  ContentRole[name=administrators,inherit=true,allowForAll=false]
  ContentRole[name=denyReaders,inherit=false,allowForAll=false]
  ContentRole[name=denyAuthors,inherit=false,allowForAll=false]
  ContentRole[name=denyAdministrators,inherit=false,allowForAll=false]
  securityVector=15:SEC_PUBLIC=true,SEC_CREATOR_ADMIN=false,SEC_INH_ADMIN=true,SEC_INH_EDITOR=true,SEC_INH_VIEWER=true,SEC_ALL_ADMIN=false,SEC_ALL_EDITOR=false,SEC_ALL_VIEWER=false
]
2019-03-07 18:05:49.596 DEBUG content 8507 _a-0000e21d-e06a-8000-7d53-01ef9001ef90_55778 Processing reference: ContentRole[name=readers,inherit=true,allowForAll=false]
2019-03-07 18:05:49.596 DEBUG content 8507 _a-0000e21d-e06a-8000-7d53-01ef9001ef90_55778 Processing reference: ContentRole[name=authors,inherit=true,allowForAll=false]
2019-03-07 18:05:49.596 DEBUG content 8507 _a-0000e21d-e06a-8000-7d53-01ef9001ef90_55778 Processing reference: ContentRole[name=administrators,inherit=true,allowForAll=false]
2019-03-07 18:05:49.596 DEBUG content 8507 _a-0000e21d-e06a-8000-7d53-01ef9001ef90_55778 Processing reference: ContentRole[name=denyReaders,inherit=false,allowForAll=false]
2019-03-07 18:05:49.596 DEBUG content 8507 _a-0000e21d-e06a-8000-7d53-01ef9001ef90_55778 Processing reference: ContentRole[name=denyAuthors,inherit=false,allowForAll=false]
2019-03-07 18:05:49.596 DEBUG content 8507 _a-0000e21d-e06a-8000-7d53-01ef9001ef90_55778 Processing reference: ContentRole[name=denyAdministrators,inherit=false,allowForAll=false]
2019-03-07 18:05:49.596 DEBUG content 8507 _a-0000e21d-e06a-8000-7d53-01ef9001ef90_55778 Completing produce.
2019-03-07 18:05:49.596 DEBUG content 8507 _a-0000e21d-e06a-8000-7d53-01ef9001ef90_55778 Exporting binary resources.
2019-03-07 18:05:49.596 DEBUG content 8507 _a-0000e21d-e06a-8000-7d53-01ef9001ef90_55778 Serializing object to XML.
2019-03-07 18:05:49.598 DEBUG content 8507 _a-0000e21d-e06a-8000-7d53-01ef9001ef90_55778 Object transported.
2019-03-07 18:05:49.598 DEBUG application 7981 _a-0000e21d-e06a-8000-7d53-01ef9001ef90_48669 Completing produce.
2019-03-07 18:05:49.598 DEBUG application 7981 _a-0000e21d-e06a-8000-7d53-01ef9001ef90_48669 Exporting binary resources.
2019-03-07 18:05:49.598 DEBUG application 7981 _a-0000e21d-e06a-8000-7d53-01ef9001ef90_48669 Serializing object to XML.
2019-03-07 18:05:49.598 DEBUG application 7981 _a-0000e21d-e06a-8000-7d53-01ef9001ef90_48669 Object transported.
