Success (10):
datatype 2654 {urn:com:appian:types:EAP}EAP_PermitDetails "{urn:com:appian:types:EAP}EAP_PermitDetails"
dataStore 5203 _a-0000e21d-e06a-8000-7d53-01ef9001ef90_48693 "EAP Tables"
group 20 _e-0000e21d-e05a-8000-7d4f-011e94011e94_61 "EAP All Users"
group 21 _e-0000e255-ca76-8000-23f0-011e94011e94_56 "testGrp"
content 5204 _a-0000e21d-e06a-8000-7d53-01ef9001ef90_48676 "Environmental Activity Permits"
content 5209 _a-0000e21d-e06a-8000-7d53-01ef9001ef90_48681 "EAP_getUsername"
content 5366 _a-0000e21d-e06a-8000-7d53-01ef9001ef90_55778 "EAP_USERS_GROUP"
application 5207 _a-0000e21d-e06a-8000-7d53-01ef9001ef90_48669 "Environmental Activity Permits"
webApi 25 a5ad2e10-1edd-4f9d-9d74-107857e96d59 "newWebAPI"
site 4 65f49a1d-102f-4e7f-8fdc-c40b6276da35 "newSite"

Referenced precedents that were not exported (1):
user shwetad shwetad

Trace:
2019-04-02 12:16:29.845 DEBUG application 5207 _a-0000e21d-e06a-8000-7d53-01ef9001ef90_48669 Begin transport.
2019-04-02 12:16:29.845 DEBUG application 5207 _a-0000e21d-e06a-8000-7d53-01ef9001ef90_48669 Retrieving object data.
2019-04-02 12:16:29.849 DEBUG application 5207 _a-0000e21d-e06a-8000-7d53-01ef9001ef90_48669 App associated objects: [datatype=[{urn:com:appian:types:EAP}EAP_PermitDetails],dataStore=[_a-0000e21d-e06a-8000-7d53-01ef9001ef90_48693],group=[_e-0000e21d-e05a-8000-7d4f-011e94011e94_61, _e-0000e255-ca76-8000-23f0-011e94011e94_56],content=[_a-0000e21d-e06a-8000-7d53-01ef9001ef90_48676, _a-0000e21d-e06a-8000-7d53-01ef9001ef90_48681, _a-0000e21d-e06a-8000-7d53-01ef9001ef90_55778, _a-0000e255-ca76-8000-23f0-01ef9001ef90_30624, _a-0000e255-ca76-8000-23f0-01ef9001ef90_30656],webApi=[a5ad2e10-1edd-4f9d-9d74-107857e96d59],site=[69a87715-6df1-4b60-9312-b9a466a1b208, 65f49a1d-102f-4e7f-8fdc-c40b6276da35]]
2019-04-02 12:16:29.857 DEBUG application 5207 _a-0000e21d-e06a-8000-7d53-01ef9001ef90_48669 Invalid associated objects: [content=[_a-0000e255-ca76-8000-23f0-01ef9001ef90_30624, _a-0000e255-ca76-8000-23f0-01ef9001ef90_30656],site=[69a87715-6df1-4b60-9312-b9a466a1b208]]
2019-04-02 12:16:29.857 DEBUG application 5207 _a-0000e21d-e06a-8000-7d53-01ef9001ef90_48669 Adding valid associated objects to be exported: GlobalBindingMap[datatype={{urn:com:appian:types:EAP}EAP_PermitDetails=2654},dataStore={_a-0000e21d-e06a-8000-7d53-01ef9001ef90_48693=5203},group={_e-0000e21d-e05a-8000-7d4f-011e94011e94_61=20, _e-0000e255-ca76-8000-23f0-011e94011e94_56=21},content={_a-0000e21d-e06a-8000-7d53-01ef9001ef90_48676=5204, _a-0000e21d-e06a-8000-7d53-01ef9001ef90_48681=5209, _a-0000e21d-e06a-8000-7d53-01ef9001ef90_55778=5366},webApi={a5ad2e10-1edd-4f9d-9d74-107857e96d59=25},site={65f49a1d-102f-4e7f-8fdc-c40b6276da35=4}]
2019-04-02 12:16:29.858 DEBUG application 5207 _a-0000e21d-e06a-8000-7d53-01ef9001ef90_48669 Setting uuids of object references.
2019-04-02 12:16:29.858 DEBUG application 5207 _a-0000e21d-e06a-8000-7d53-01ef9001ef90_48669 Processing reference: Application.forum
2019-04-02 12:16:29.858 DEBUG application 5207 _a-0000e21d-e06a-8000-7d53-01ef9001ef90_48669 Processing reference: Application.parent
2019-04-02 12:16:29.861 DEBUG application 5207 _a-0000e21d-e06a-8000-7d53-01ef9001ef90_48669 Processing reference: com.appiancorp.suiteapi.content.ContentRoleMap@2672678b[
  ContentRole[name=readers,inherit=false,allowForAll=false]
  ContentRole[name=authors,inherit=false,allowForAll=false]
  ContentRole[name=administrators,usernames=[shwetad],groupIds=[20],inherit=false,allowForAll=false]
  ContentRole[name=denyReaders,inherit=false,allowForAll=false]
  ContentRole[name=denyAuthors,inherit=false,allowForAll=false]
  ContentRole[name=denyAdministrators,inherit=false,allowForAll=false]
  securityVector=129:SEC_PUBLIC=true,SEC_CREATOR_ADMIN=true,SEC_INH_ADMIN=false,SEC_INH_EDITOR=false,SEC_INH_VIEWER=false,SEC_ALL_ADMIN=false,SEC_ALL_EDITOR=false,SEC_ALL_VIEWER=false
]
2019-04-02 12:16:29.861 DEBUG application 5207 _a-0000e21d-e06a-8000-7d53-01ef9001ef90_48669 Processing reference: ContentRole[name=readers,inherit=false,allowForAll=false]
2019-04-02 12:16:29.861 DEBUG application 5207 _a-0000e21d-e06a-8000-7d53-01ef9001ef90_48669 Processing reference: ContentRole[name=authors,inherit=false,allowForAll=false]
2019-04-02 12:16:29.861 DEBUG application 5207 _a-0000e21d-e06a-8000-7d53-01ef9001ef90_48669 Processing reference: ContentRole[name=administrators,usernames=[shwetad],groupIds=[20],inherit=false,allowForAll=false]
2019-04-02 12:16:29.863 DEBUG group 20 _e-0000e21d-e05a-8000-7d4f-011e94011e94_61 Begin transport.
2019-04-02 12:16:29.863 DEBUG group 20 _e-0000e21d-e05a-8000-7d4f-011e94011e94_61 Retrieving object data.
2019-04-02 12:16:29.87 DEBUG group 20 _e-0000e21d-e05a-8000-7d4f-011e94011e94_61 Setting uuids of object references.
2019-04-02 12:16:29.87 DEBUG group 20 _e-0000e21d-e05a-8000-7d4f-011e94011e94_61 Processing reference: Role[name=<null>]
2019-04-02 12:16:29.87 DEBUG group 20 _e-0000e21d-e05a-8000-7d4f-011e94011e94_61 Processing reference: Group.groupTypeId
2019-04-02 12:16:29.872 DEBUG group 20 _e-0000e21d-e05a-8000-7d4f-011e94011e94_61 Processing reference: Group.parentId
2019-04-02 12:16:29.872 DEBUG group 20 _e-0000e21d-e05a-8000-7d4f-011e94011e94_61 Processing reference: Group.homePageId
2019-04-02 12:16:29.872 DEBUG group 20 _e-0000e21d-e05a-8000-7d4f-011e94011e94_61 Processing reference: Role[name=<null>]
2019-04-02 12:16:29.872 DEBUG group 20 _e-0000e21d-e05a-8000-7d4f-011e94011e94_61 Completing produce.
2019-04-02 12:16:29.872 DEBUG group 20 _e-0000e21d-e05a-8000-7d4f-011e94011e94_61 Exporting binary resources.
2019-04-02 12:16:29.872 DEBUG group 20 _e-0000e21d-e05a-8000-7d4f-011e94011e94_61 Serializing object to XML.
2019-04-02 12:16:29.872 DEBUG group 20 _e-0000e21d-e05a-8000-7d4f-011e94011e94_61 Object transported.
2019-04-02 12:16:29.872 DEBUG application 5207 _a-0000e21d-e06a-8000-7d53-01ef9001ef90_48669 Processing reference: ContentRole[name=denyReaders,inherit=false,allowForAll=false]
2019-04-02 12:16:29.872 DEBUG application 5207 _a-0000e21d-e06a-8000-7d53-01ef9001ef90_48669 Processing reference: ContentRole[name=denyAuthors,inherit=false,allowForAll=false]
2019-04-02 12:16:29.872 DEBUG application 5207 _a-0000e21d-e06a-8000-7d53-01ef9001ef90_48669 Processing reference: ContentRole[name=denyAdministrators,inherit=false,allowForAll=false]
2019-04-02 12:16:29.873 DEBUG datatype 2654 {urn:com:appian:types:EAP}EAP_PermitDetails Begin transport.
2019-04-02 12:16:29.873 DEBUG datatype 2654 {urn:com:appian:types:EAP}EAP_PermitDetails Retrieving object data.
2019-04-02 12:16:30.021 DEBUG datatype 2654 {urn:com:appian:types:EAP}EAP_PermitDetails Setting uuids of object references.
2019-04-02 12:16:30.022 DEBUG datatype 2654 {urn:com:appian:types:EAP}EAP_PermitDetails Completing produce.
2019-04-02 12:16:30.022 DEBUG datatype 2654 {urn:com:appian:types:EAP}EAP_PermitDetails Exporting binary resources.
2019-04-02 12:16:30.022 DEBUG datatype 2654 {urn:com:appian:types:EAP}EAP_PermitDetails Serializing object to XML.
2019-04-02 12:16:30.022 DEBUG datatype 2654 {urn:com:appian:types:EAP}EAP_PermitDetails Object transported.
2019-04-02 12:16:30.025 DEBUG dataStore 5203 _a-0000e21d-e06a-8000-7d53-01ef9001ef90_48693 Begin transport.
2019-04-02 12:16:30.025 DEBUG dataStore 5203 _a-0000e21d-e06a-8000-7d53-01ef9001ef90_48693 Retrieving object data.
2019-04-02 12:16:30.029 DEBUG dataStore 5203 _a-0000e21d-e06a-8000-7d53-01ef9001ef90_48693 Setting uuids of object references.
2019-04-02 12:16:30.029 DEBUG dataStore 5203 _a-0000e21d-e06a-8000-7d53-01ef9001ef90_48693 Processing reference: datatypeRef[id=2654]
2019-04-02 12:16:30.029 DEBUG dataStore 5203 _a-0000e21d-e06a-8000-7d53-01ef9001ef90_48693 Processing reference: ContentRole[name=administrators,groupIds=[20],inherit=false,allowForAll=false]
2019-04-02 12:16:30.031 DEBUG dataStore 5203 _a-0000e21d-e06a-8000-7d53-01ef9001ef90_48693 Processing reference: ContentRole[name=authors,inherit=false,allowForAll=false]
2019-04-02 12:16:30.031 DEBUG dataStore 5203 _a-0000e21d-e06a-8000-7d53-01ef9001ef90_48693 Processing reference: ContentRole[name=denyAdministrators,inherit=false,allowForAll=false]
2019-04-02 12:16:30.031 DEBUG dataStore 5203 _a-0000e21d-e06a-8000-7d53-01ef9001ef90_48693 Processing reference: ContentRole[name=denyAuthors,inherit=false,allowForAll=false]
2019-04-02 12:16:30.031 DEBUG dataStore 5203 _a-0000e21d-e06a-8000-7d53-01ef9001ef90_48693 Processing reference: ContentRole[name=denyReaders,inherit=false,allowForAll=false]
2019-04-02 12:16:30.031 DEBUG dataStore 5203 _a-0000e21d-e06a-8000-7d53-01ef9001ef90_48693 Processing reference: ContentRole[name=readers,inherit=false,allowForAll=false]
2019-04-02 12:16:30.031 DEBUG dataStore 5203 _a-0000e21d-e06a-8000-7d53-01ef9001ef90_48693 Completing produce.
2019-04-02 12:16:30.031 DEBUG dataStore 5203 _a-0000e21d-e06a-8000-7d53-01ef9001ef90_48693 Exporting binary resources.
2019-04-02 12:16:30.031 DEBUG dataStore 5203 _a-0000e21d-e06a-8000-7d53-01ef9001ef90_48693 Serializing object to XML.
2019-04-02 12:16:30.031 DEBUG dataStore 5203 _a-0000e21d-e06a-8000-7d53-01ef9001ef90_48693 Object transported.
2019-04-02 12:16:30.032 DEBUG group 21 _e-0000e255-ca76-8000-23f0-011e94011e94_56 Begin transport.
2019-04-02 12:16:30.032 DEBUG group 21 _e-0000e255-ca76-8000-23f0-011e94011e94_56 Retrieving object data.
2019-04-02 12:16:30.038 DEBUG group 21 _e-0000e255-ca76-8000-23f0-011e94011e94_56 Setting uuids of object references.
2019-04-02 12:16:30.038 DEBUG group 21 _e-0000e255-ca76-8000-23f0-011e94011e94_56 Processing reference: Role[name=<null>]
2019-04-02 12:16:30.038 DEBUG group 21 _e-0000e255-ca76-8000-23f0-011e94011e94_56 Processing reference: Group.groupTypeId
2019-04-02 12:16:30.039 DEBUG group 21 _e-0000e255-ca76-8000-23f0-011e94011e94_56 Processing reference: Group.parentId
2019-04-02 12:16:30.04 DEBUG group 21 _e-0000e255-ca76-8000-23f0-011e94011e94_56 Processing reference: Group.homePageId
2019-04-02 12:16:30.04 DEBUG group 21 _e-0000e255-ca76-8000-23f0-011e94011e94_56 Processing reference: Role[name=<null>]
2019-04-02 12:16:30.04 DEBUG group 21 _e-0000e255-ca76-8000-23f0-011e94011e94_56 Completing produce.
2019-04-02 12:16:30.04 DEBUG group 21 _e-0000e255-ca76-8000-23f0-011e94011e94_56 Exporting binary resources.
2019-04-02 12:16:30.04 DEBUG group 21 _e-0000e255-ca76-8000-23f0-011e94011e94_56 Serializing object to XML.
2019-04-02 12:16:30.04 DEBUG group 21 _e-0000e255-ca76-8000-23f0-011e94011e94_56 Object transported.
2019-04-02 12:16:30.042 DEBUG content 5204 _a-0000e21d-e06a-8000-7d53-01ef9001ef90_48676 Begin transport.
2019-04-02 12:16:30.042 DEBUG content 5204 _a-0000e21d-e06a-8000-7d53-01ef9001ef90_48676 Retrieving object data.
2019-04-02 12:16:30.051 DEBUG content 5204 _a-0000e21d-e06a-8000-7d53-01ef9001ef90_48676 Setting uuids of object references.
2019-04-02 12:16:30.051 DEBUG content 5204 _a-0000e21d-e06a-8000-7d53-01ef9001ef90_48676 Processing reference: RulesFolder.forum
2019-04-02 12:16:30.052 DEBUG content 5204 _a-0000e21d-e06a-8000-7d53-01ef9001ef90_48676 Processing reference: RulesFolder.parent
2019-04-02 12:16:30.054 DEBUG content 5204 _a-0000e21d-e06a-8000-7d53-01ef9001ef90_48676 Processing reference: com.appiancorp.suiteapi.content.ContentRoleMap@4a263ca8[
  ContentRole[name=readers,inherit=false,allowForAll=false]
  ContentRole[name=authors,inherit=false,allowForAll=false]
  ContentRole[name=administrators,groupIds=[20],inherit=false,allowForAll=false]
  ContentRole[name=denyReaders,inherit=false,allowForAll=false]
  ContentRole[name=denyAuthors,inherit=false,allowForAll=false]
  ContentRole[name=denyAdministrators,inherit=false,allowForAll=false]
  securityVector=1:SEC_PUBLIC=true,SEC_CREATOR_ADMIN=false,SEC_INH_ADMIN=false,SEC_INH_EDITOR=false,SEC_INH_VIEWER=false,SEC_ALL_ADMIN=false,SEC_ALL_EDITOR=false,SEC_ALL_VIEWER=false
]
2019-04-02 12:16:30.054 DEBUG content 5204 _a-0000e21d-e06a-8000-7d53-01ef9001ef90_48676 Processing reference: ContentRole[name=readers,inherit=false,allowForAll=false]
2019-04-02 12:16:30.055 DEBUG content 5204 _a-0000e21d-e06a-8000-7d53-01ef9001ef90_48676 Processing reference: ContentRole[name=authors,inherit=false,allowForAll=false]
2019-04-02 12:16:30.055 DEBUG content 5204 _a-0000e21d-e06a-8000-7d53-01ef9001ef90_48676 Processing reference: ContentRole[name=administrators,groupIds=[20],inherit=false,allowForAll=false]
2019-04-02 12:16:30.056 DEBUG content 5204 _a-0000e21d-e06a-8000-7d53-01ef9001ef90_48676 Processing reference: ContentRole[name=denyReaders,inherit=false,allowForAll=false]
2019-04-02 12:16:30.056 DEBUG content 5204 _a-0000e21d-e06a-8000-7d53-01ef9001ef90_48676 Processing reference: ContentRole[name=denyAuthors,inherit=false,allowForAll=false]
2019-04-02 12:16:30.056 DEBUG content 5204 _a-0000e21d-e06a-8000-7d53-01ef9001ef90_48676 Processing reference: ContentRole[name=denyAdministrators,inherit=false,allowForAll=false]
2019-04-02 12:16:30.056 DEBUG content 5204 _a-0000e21d-e06a-8000-7d53-01ef9001ef90_48676 Completing produce.
2019-04-02 12:16:30.056 DEBUG content 5204 _a-0000e21d-e06a-8000-7d53-01ef9001ef90_48676 Exporting binary resources.
2019-04-02 12:16:30.056 DEBUG content 5204 _a-0000e21d-e06a-8000-7d53-01ef9001ef90_48676 Serializing object to XML.
2019-04-02 12:16:30.057 DEBUG content 5204 _a-0000e21d-e06a-8000-7d53-01ef9001ef90_48676 Object transported.
2019-04-02 12:16:30.057 DEBUG content 5209 _a-0000e21d-e06a-8000-7d53-01ef9001ef90_48681 Begin transport.
2019-04-02 12:16:30.057 DEBUG content 5209 _a-0000e21d-e06a-8000-7d53-01ef9001ef90_48681 Retrieving object data.
2019-04-02 12:16:30.066 DEBUG content 5209 _a-0000e21d-e06a-8000-7d53-01ef9001ef90_48681 Setting uuids of object references.
2019-04-02 12:16:30.066 DEBUG content 5209 _a-0000e21d-e06a-8000-7d53-01ef9001ef90_48681 Processing reference: [Content:id=5205,versionId=-1,name=EAP_getUsername,type=32,subtype=1,uuid=_a-0000e21d-e06a-8000-7d53-01ef9001ef90_48681,parent=5204]
2019-04-02 12:16:30.066 DEBUG content 5209 _a-0000e21d-e06a-8000-7d53-01ef9001ef90_48681 Processing reference: FreeformRule.forum
2019-04-02 12:16:30.067 DEBUG content 5209 _a-0000e21d-e06a-8000-7d53-01ef9001ef90_48681 Processing reference: FreeformRule.parent
2019-04-02 12:16:30.069 DEBUG content 5209 _a-0000e21d-e06a-8000-7d53-01ef9001ef90_48681 Processing reference: com.appiancorp.suiteapi.content.ContentRoleMap@41f0e6c[
  ContentRole[name=readers,inherit=true,allowForAll=false]
  ContentRole[name=authors,inherit=true,allowForAll=false]
  ContentRole[name=administrators,inherit=true,allowForAll=false]
  ContentRole[name=denyReaders,inherit=false,allowForAll=false]
  ContentRole[name=denyAuthors,inherit=false,allowForAll=false]
  ContentRole[name=denyAdministrators,inherit=false,allowForAll=false]
  securityVector=15:SEC_PUBLIC=true,SEC_CREATOR_ADMIN=false,SEC_INH_ADMIN=true,SEC_INH_EDITOR=true,SEC_INH_VIEWER=true,SEC_ALL_ADMIN=false,SEC_ALL_EDITOR=false,SEC_ALL_VIEWER=false
]
2019-04-02 12:16:30.07 DEBUG content 5209 _a-0000e21d-e06a-8000-7d53-01ef9001ef90_48681 Processing reference: ContentRole[name=readers,inherit=true,allowForAll=false]
2019-04-02 12:16:30.07 DEBUG content 5209 _a-0000e21d-e06a-8000-7d53-01ef9001ef90_48681 Processing reference: ContentRole[name=authors,inherit=true,allowForAll=false]
2019-04-02 12:16:30.07 DEBUG content 5209 _a-0000e21d-e06a-8000-7d53-01ef9001ef90_48681 Processing reference: ContentRole[name=administrators,inherit=true,allowForAll=false]
2019-04-02 12:16:30.07 DEBUG content 5209 _a-0000e21d-e06a-8000-7d53-01ef9001ef90_48681 Processing reference: ContentRole[name=denyReaders,inherit=false,allowForAll=false]
2019-04-02 12:16:30.07 DEBUG content 5209 _a-0000e21d-e06a-8000-7d53-01ef9001ef90_48681 Processing reference: ContentRole[name=denyAuthors,inherit=false,allowForAll=false]
2019-04-02 12:16:30.07 DEBUG content 5209 _a-0000e21d-e06a-8000-7d53-01ef9001ef90_48681 Processing reference: ContentRole[name=denyAdministrators,inherit=false,allowForAll=false]
2019-04-02 12:16:30.07 DEBUG content 5209 _a-0000e21d-e06a-8000-7d53-01ef9001ef90_48681 Completing produce.
2019-04-02 12:16:30.07 DEBUG content 5209 _a-0000e21d-e06a-8000-7d53-01ef9001ef90_48681 Exporting binary resources.
2019-04-02 12:16:30.07 DEBUG content 5209 _a-0000e21d-e06a-8000-7d53-01ef9001ef90_48681 Serializing object to XML.
2019-04-02 12:16:30.07 DEBUG content 5209 _a-0000e21d-e06a-8000-7d53-01ef9001ef90_48681 Object transported.
2019-04-02 12:16:30.07 DEBUG content 5366 _a-0000e21d-e06a-8000-7d53-01ef9001ef90_55778 Begin transport.
2019-04-02 12:16:30.07 DEBUG content 5366 _a-0000e21d-e06a-8000-7d53-01ef9001ef90_55778 Retrieving object data.
2019-04-02 12:16:30.079 DEBUG content 5366 _a-0000e21d-e06a-8000-7d53-01ef9001ef90_55778 Setting uuids of object references.
2019-04-02 12:16:30.079 DEBUG content 5366 _a-0000e21d-e06a-8000-7d53-01ef9001ef90_55778 Processing reference: [Content:id=5206,versionId=-1,name=EAP_USERS_GROUP,type=32,subtype=0,uuid=_a-0000e21d-e06a-8000-7d53-01ef9001ef90_55778,parent=5204]
2019-04-02 12:16:30.079 DEBUG content 5366 _a-0000e21d-e06a-8000-7d53-01ef9001ef90_55778 Processing reference: Constant.forum
2019-04-02 12:16:30.079 DEBUG content 5366 _a-0000e21d-e06a-8000-7d53-01ef9001ef90_55778 Processing reference: Constant.parent
2019-04-02 12:16:30.082 DEBUG content 5366 _a-0000e21d-e06a-8000-7d53-01ef9001ef90_55778 Processing reference: com.appiancorp.suiteapi.content.ContentRoleMap@582bfc0e[
  ContentRole[name=readers,inherit=true,allowForAll=false]
  ContentRole[name=authors,inherit=true,allowForAll=false]
  ContentRole[name=administrators,inherit=true,allowForAll=false]
  ContentRole[name=denyReaders,inherit=false,allowForAll=false]
  ContentRole[name=denyAuthors,inherit=false,allowForAll=false]
  ContentRole[name=denyAdministrators,inherit=false,allowForAll=false]
  securityVector=15:SEC_PUBLIC=true,SEC_CREATOR_ADMIN=false,SEC_INH_ADMIN=true,SEC_INH_EDITOR=true,SEC_INH_VIEWER=true,SEC_ALL_ADMIN=false,SEC_ALL_EDITOR=false,SEC_ALL_VIEWER=false
]
2019-04-02 12:16:30.082 DEBUG content 5366 _a-0000e21d-e06a-8000-7d53-01ef9001ef90_55778 Processing reference: ContentRole[name=readers,inherit=true,allowForAll=false]
2019-04-02 12:16:30.082 DEBUG content 5366 _a-0000e21d-e06a-8000-7d53-01ef9001ef90_55778 Processing reference: ContentRole[name=authors,inherit=true,allowForAll=false]
2019-04-02 12:16:30.082 DEBUG content 5366 _a-0000e21d-e06a-8000-7d53-01ef9001ef90_55778 Processing reference: ContentRole[name=administrators,inherit=true,allowForAll=false]
2019-04-02 12:16:30.082 DEBUG content 5366 _a-0000e21d-e06a-8000-7d53-01ef9001ef90_55778 Processing reference: ContentRole[name=denyReaders,inherit=false,allowForAll=false]
2019-04-02 12:16:30.082 DEBUG content 5366 _a-0000e21d-e06a-8000-7d53-01ef9001ef90_55778 Processing reference: ContentRole[name=denyAuthors,inherit=false,allowForAll=false]
2019-04-02 12:16:30.082 DEBUG content 5366 _a-0000e21d-e06a-8000-7d53-01ef9001ef90_55778 Processing reference: ContentRole[name=denyAdministrators,inherit=false,allowForAll=false]
2019-04-02 12:16:30.082 DEBUG content 5366 _a-0000e21d-e06a-8000-7d53-01ef9001ef90_55778 Registering export properties.
2019-04-02 12:16:30.082 DEBUG content 5366 _a-0000e21d-e06a-8000-7d53-01ef9001ef90_55778 Completing produce.
2019-04-02 12:16:30.082 DEBUG content 5366 _a-0000e21d-e06a-8000-7d53-01ef9001ef90_55778 Exporting binary resources.
2019-04-02 12:16:30.082 DEBUG content 5366 _a-0000e21d-e06a-8000-7d53-01ef9001ef90_55778 Serializing object to XML.
2019-04-02 12:16:30.085 DEBUG content 5366 _a-0000e21d-e06a-8000-7d53-01ef9001ef90_55778 Object transported.
2019-04-02 12:16:30.087 DEBUG webApi 25 a5ad2e10-1edd-4f9d-9d74-107857e96d59 Begin transport.
2019-04-02 12:16:30.087 DEBUG webApi 25 a5ad2e10-1edd-4f9d-9d74-107857e96d59 Retrieving object data.
2019-04-02 12:16:30.099 DEBUG webApi 25 a5ad2e10-1edd-4f9d-9d74-107857e96d59 Setting uuids of object references.
2019-04-02 12:16:30.099 DEBUG webApi 25 a5ad2e10-1edd-4f9d-9d74-107857e96d59 Processing reference: WebApi.expression
2019-04-02 12:16:30.099 DEBUG webApi 25 a5ad2e10-1edd-4f9d-9d74-107857e96d59 Completing produce.
2019-04-02 12:16:30.099 DEBUG webApi 25 a5ad2e10-1edd-4f9d-9d74-107857e96d59 Exporting binary resources.
2019-04-02 12:16:30.099 DEBUG webApi 25 a5ad2e10-1edd-4f9d-9d74-107857e96d59 Serializing object to XML.
2019-04-02 12:16:30.099 DEBUG webApi 25 a5ad2e10-1edd-4f9d-9d74-107857e96d59 Object transported.
2019-04-02 12:16:30.101 DEBUG site 4 65f49a1d-102f-4e7f-8fdc-c40b6276da35 Begin transport.
2019-04-02 12:16:30.101 DEBUG site 4 65f49a1d-102f-4e7f-8fdc-c40b6276da35 Retrieving object data.
2019-04-02 12:16:30.108 DEBUG site 4 65f49a1d-102f-4e7f-8fdc-c40b6276da35 Setting uuids of object references.
2019-04-02 12:16:30.108 DEBUG site 4 65f49a1d-102f-4e7f-8fdc-c40b6276da35 Processing reference: SiteTemplate.accentColorExpr
2019-04-02 12:16:30.108 DEBUG site 4 65f49a1d-102f-4e7f-8fdc-c40b6276da35 Processing reference: SiteTemplate.faviconExpr
2019-04-02 12:16:30.108 DEBUG site 4 65f49a1d-102f-4e7f-8fdc-c40b6276da35 Processing reference: SiteTemplate.faviconRef
2019-04-02 12:16:30.108 DEBUG site 4 65f49a1d-102f-4e7f-8fdc-c40b6276da35 Processing reference: SiteTemplate.headerBackgroundColorExpr
2019-04-02 12:16:30.108 DEBUG site 4 65f49a1d-102f-4e7f-8fdc-c40b6276da35 Processing reference: SiteTemplate.logoExpr
2019-04-02 12:16:30.108 DEBUG site 4 65f49a1d-102f-4e7f-8fdc-c40b6276da35 Processing reference: SiteTemplate.logoRef
2019-04-02 12:16:30.108 DEBUG site 4 65f49a1d-102f-4e7f-8fdc-c40b6276da35 Processing reference: SitePage.visibilityExpr
2019-04-02 12:16:30.108 DEBUG site 4 65f49a1d-102f-4e7f-8fdc-c40b6276da35 Processing reference: SiteTemplate.selectedTabBackgroundColorExpr
2019-04-02 12:16:30.108 DEBUG site 4 65f49a1d-102f-4e7f-8fdc-c40b6276da35 Processing reference: SiteTemplate.tempoLinkViewerRefsFromUuids
2019-04-02 12:16:30.108 DEBUG site 4 65f49a1d-102f-4e7f-8fdc-c40b6276da35 Completing produce.
2019-04-02 12:16:30.108 DEBUG site 4 65f49a1d-102f-4e7f-8fdc-c40b6276da35 Exporting binary resources.
2019-04-02 12:16:30.108 DEBUG site 4 65f49a1d-102f-4e7f-8fdc-c40b6276da35 Serializing object to XML.
2019-04-02 12:16:30.113 DEBUG site 4 65f49a1d-102f-4e7f-8fdc-c40b6276da35 Object transported.
2019-04-02 12:16:30.113 DEBUG application 5207 _a-0000e21d-e06a-8000-7d53-01ef9001ef90_48669 Completing produce.
2019-04-02 12:16:30.113 DEBUG application 5207 _a-0000e21d-e06a-8000-7d53-01ef9001ef90_48669 Exporting binary resources.
2019-04-02 12:16:30.113 DEBUG application 5207 _a-0000e21d-e06a-8000-7d53-01ef9001ef90_48669 Serializing object to XML.
2019-04-02 12:16:30.114 DEBUG application 5207 _a-0000e21d-e06a-8000-7d53-01ef9001ef90_48669 Object transported.
